<?xml version="1.0" encoding="UTF-8"?>
<testsuite name="testCases.TestPaymentPage" tests="8" skipped="0" failures="0" errors="0" timestamp="2019-10-29T09:57:21" hostname="DESKTOP-1CKN538" time="49.361">
  <properties/>
  <testcase name="testMenu" classname="testCases.TestPaymentPage" time="6.148"/>
  <testcase name="testPayee" classname="testCases.TestPaymentPage" time="3.977"/>
  <testcase name="testFirstNext" classname="testCases.TestPaymentPage" time="3.975"/>
  <testcase name="testAmount" classname="testCases.TestPaymentPage" time="3.907"/>
  <testcase name="testSecondNextButton" classname="testCases.TestPaymentPage" time="3.991"/>
  <testcase name="testConfirmButton" classname="testCases.TestPaymentPage" time="5.917"/>
  <testcase name="testSendMoneyOkButton" classname="testCases.TestPaymentPage" time="21.294"/>
  <testcase name="testCaseForPayment" classname="testCases.TestPaymentPage" time="0.005"/>
  <system-out><![CDATA[Result = Tusinull, 019074766395, 2468
Program Ran on Tue Oct 29 15:57:28 BDT 2019 by user=Tusi
Result = Tusinull, 019074766395, 2468
Program Ran on Tue Oct 29 15:57:36 BDT 2019 by user=Tusi
Context name is :WEBVIEW_com.progoti.surecash
Result = Tusinull, 019074766395, 2468
Program Ran on Tue Oct 29 15:57:55 BDT 2019 by user=Tusi



T300000150639 T400000062610
Transaction successful.
Result = Tusinull, 019074766395, 2468
Program Ran on Tue Oct 29 15:58:10 BDT 2019 by user=Tusi
Result = Tusinull, 019074766395, 2468
Program Ran on Tue Oct 29 15:58:10 BDT 2019 by user=Tusi
]]></system-out>
  <system-err><![CDATA[]]></system-err>
</testsuite>
